{"E:\\fy\\Misc\\lib\\index.ts": {"path":"E:\\fy\\Misc\\lib\\index.ts","statementMap":{"0":{"start":{"line":1,"column":0},"end":{"line":1,"column":27}},"1":{"start":{"line":2,"column":0},"end":{"line":2,"column":38}},"2":{"start":{"line":3,"column":0},"end":{"line":3,"column":33}},"3":{"start":{"line":4,"column":0},"end":{"line":4,"column":33}},"4":{"start":{"line":5,"column":0},"end":{"line":5,"column":37}},"5":{"start":{"line":6,"column":0},"end":{"line":6,"column":34}},"6":{"start":{"line":7,"column":0},"end":{"line":7,"column":30}},"7":{"start":{"line":8,"column":0},"end":{"line":8,"column":27}},"8":{"start":{"line":9,"column":0},"end":{"line":9,"column":32}}},"fnMap":{},"branchMap":{},"s":{"0":1,"1":1,"2":1,"3":1,"4":1,"5":1,"6":1,"7":1,"8":1},"f":{},"b":{}}
,"E:\\fy\\Misc\\lib\\core\\app.ts": {"path":"E:\\fy\\Misc\\lib\\core\\app.ts","statementMap":{"0":{"start":{"line":1,"column":0},"end":{"line":1,"column":26}},"1":{"start":{"line":2,"column":0},"end":{"line":2,"column":21}},"2":{"start":{"line":3,"column":0},"end":{"line":3,"column":33}},"3":{"start":{"line":4,"column":0},"end":{"line":4,"column":23}},"4":{"start":{"line":5,"column":0},"end":{"line":5,"column":27}},"5":{"start":{"line":6,"column":0},"end":{"line":6,"column":31}},"6":{"start":{"line":7,"column":0},"end":{"line":7,"column":36}},"7":{"start":{"line":8,"column":0},"end":{"line":8,"column":49}},"8":{"start":{"line":9,"column":0},"end":{"line":9,"column":52}},"9":{"start":{"line":11,"column":0},"end":{"line":11,"column":28}},"10":{"start":{"line":12,"column":0},"end":{"line":12,"column":33}},"11":{"start":{"line":13,"column":0},"end":{"line":13,"column":27}},"12":{"start":{"line":14,"column":0},"end":{"line":14,"column":29}},"13":{"start":{"line":19,"column":15},"end":{"line":19,"column":29}},"14":{"start":{"line":20,"column":2},"end":{"line":20,"column":37}},"15":{"start":{"line":21,"column":2},"end":{"line":21,"column":10}},"16":{"start":{"line":22,"column":2},"end":{"line":26,"column":3}},"17":{"start":{"line":23,"column":3},"end":{"line":23,"column":29}},"18":{"start":{"line":25,"column":3},"end":{"line":25,"column":20}},"19":{"start":{"line":27,"column":2},"end":{"line":27,"column":24}},"20":{"start":{"line":28,"column":2},"end":{"line":31,"column":3}},"21":{"start":{"line":29,"column":3},"end":{"line":29,"column":55}},"22":{"start":{"line":30,"column":3},"end":{"line":30,"column":29}},"23":{"start":{"line":32,"column":2},"end":{"line":34,"column":3}},"24":{"start":{"line":33,"column":3},"end":{"line":33,"column":41}},"25":{"start":{"line":35,"column":2},"end":{"line":37,"column":3}},"26":{"start":{"line":36,"column":3},"end":{"line":36,"column":37}},"27":{"start":{"line":38,"column":19},"end":{"line":38,"column":21}},"28":{"start":{"line":39,"column":2},"end":{"line":57,"column":3}},"29":{"start":{"line":40,"column":3},"end":{"line":56,"column":12}},"30":{"start":{"line":41,"column":4},"end":{"line":55,"column":5}},"31":{"start":{"line":42,"column":5},"end":{"line":52,"column":6}},"32":{"start":{"line":43,"column":27},"end":{"line":43,"column":56}},"33":{"start":{"line":44,"column":6},"end":{"line":49,"column":7}},"34":{"start":{"line":45,"column":7},"end":{"line":45,"column":29}},"35":{"start":{"line":46,"column":7},"end":{"line":46,"column":62}},"36":{"start":{"line":48,"column":7},"end":{"line":48,"column":62}},"37":{"start":{"line":51,"column":6},"end":{"line":51,"column":48}},"38":{"start":{"line":54,"column":5},"end":{"line":54,"column":57}},"39":{"start":{"line":58,"column":2},"end":{"line":64,"column":3}},"40":{"start":{"line":59,"column":3},"end":{"line":59,"column":70}},"41":{"start":{"line":60,"column":9},"end":{"line":64,"column":3}},"42":{"start":{"line":61,"column":3},"end":{"line":61,"column":81}},"43":{"start":{"line":63,"column":3},"end":{"line":63,"column":36}},"44":{"start":{"line":65,"column":2},"end":{"line":72,"column":3}},"45":{"start":{"line":66,"column":3},"end":{"line":71,"column":5}},"46":{"start":{"line":69,"column":5},"end":{"line":69,"column":34}},"47":{"start":{"line":73,"column":2},"end":{"line":73,"column":53}},"48":{"start":{"line":74,"column":2},"end":{"line":74,"column":49}},"49":{"start":{"line":75,"column":2},"end":{"line":75,"column":45}},"50":{"start":{"line":16,"column":0},"end":{"line":77,"column":1}}},"fnMap":{"0":{"name":"(anonymous_1)","decl":{"start":{"line":18,"column":1},"end":{"line":18,"column":12}},"loc":{"start":{"line":18,"column":26},"end":{"line":76,"column":2}}},"1":{"name":"(anonymous_2)","decl":{"start":{"line":40,"column":63},"end":{"line":40,"column":66}},"loc":{"start":{"line":40,"column":70},"end":{"line":56,"column":4}}},"2":{"name":"(anonymous_3)","decl":{"start":{"line":68,"column":19},"end":{"line":68,"column":22}},"loc":{"start":{"line":68,"column":26},"end":{"line":70,"column":5}}}},"branchMap":{"0":{"loc":{"start":{"line":22,"column":2},"end":{"line":26,"column":3}},"type":"if","locations":[{"start":{"line":22,"column":2},"end":{"line":26,"column":3}},{"start":{"line":22,"column":2},"end":{"line":26,"column":3}}]},"1":{"loc":{"start":{"line":28,"column":2},"end":{"line":31,"column":3}},"type":"if","locations":[{"start":{"line":28,"column":2},"end":{"line":31,"column":3}},{"start":{"line":28,"column":2},"end":{"line":31,"column":3}}]},"2":{"loc":{"start":{"line":32,"column":2},"end":{"line":34,"column":3}},"type":"if","locations":[{"start":{"line":32,"column":2},"end":{"line":34,"column":3}},{"start":{"line":32,"column":2},"end":{"line":34,"column":3}}]},"3":{"loc":{"start":{"line":35,"column":2},"end":{"line":37,"column":3}},"type":"if","locations":[{"start":{"line":35,"column":2},"end":{"line":37,"column":3}},{"start":{"line":35,"column":2},"end":{"line":37,"column":3}}]},"4":{"loc":{"start":{"line":39,"column":2},"end":{"line":57,"column":3}},"type":"if","locations":[{"start":{"line":39,"column":2},"end":{"line":57,"column":3}},{"start":{"line":39,"column":2},"end":{"line":57,"column":3}}]},"5":{"loc":{"start":{"line":41,"column":4},"end":{"line":55,"column":5}},"type":"if","locations":[{"start":{"line":41,"column":4},"end":{"line":55,"column":5}},{"start":{"line":41,"column":4},"end":{"line":55,"column":5}}]},"6":{"loc":{"start":{"line":44,"column":6},"end":{"line":49,"column":7}},"type":"if","locations":[{"start":{"line":44,"column":6},"end":{"line":49,"column":7}},{"start":{"line":44,"column":6},"end":{"line":49,"column":7}}]},"7":{"loc":{"start":{"line":58,"column":2},"end":{"line":64,"column":3}},"type":"if","locations":[{"start":{"line":58,"column":2},"end":{"line":64,"column":3}},{"start":{"line":58,"column":2},"end":{"line":64,"column":3}}]},"8":{"loc":{"start":{"line":60,"column":9},"end":{"line":64,"column":3}},"type":"if","locations":[{"start":{"line":60,"column":9},"end":{"line":64,"column":3}},{"start":{"line":60,"column":9},"end":{"line":64,"column":3}}]},"9":{"loc":{"start":{"line":65,"column":2},"end":{"line":72,"column":3}},"type":"if","locations":[{"start":{"line":65,"column":2},"end":{"line":72,"column":3}},{"start":{"line":65,"column":2},"end":{"line":72,"column":3}}]}},"s":{"0":1,"1":1,"2":1,"3":1,"4":1,"5":1,"6":1,"7":1,"8":1,"9":1,"10":1,"11":1,"12":1,"13":1,"14":1,"15":1,"16":1,"17":1,"18":0,"19":1,"20":1,"21":0,"22":0,"23":1,"24":0,"25":1,"26":0,"27":1,"28":1,"29":1,"30":1,"31":1,"32":1,"33":1,"34":1,"35":1,"36":0,"37":0,"38":0,"39":1,"40":1,"41":0,"42":0,"43":0,"44":1,"45":1,"46":1,"47":1,"48":1,"49":1,"50":1},"f":{"0":1,"1":1,"2":1},"b":{"0":[1,0],"1":[0,1],"2":[0,1],"3":[0,1],"4":[1,0],"5":[1,0],"6":[1,0],"7":[1,0],"8":[0,0],"9":[1,0]}}
,"E:\\fy\\Misc\\lib\\decorator\\Autowired.ts": {"path":"E:\\fy\\Misc\\lib\\decorator\\Autowired.ts","statementMap":{"0":{"start":{"line":1,"column":13},"end":{"line":13,"column":2}},"1":{"start":{"line":2,"column":4},"end":{"line":12,"column":6}},"2":{"start":{"line":3,"column":26},"end":{"line":3,"column":81}},"3":{"start":{"line":4,"column":33},"end":{"line":4,"column":118}},"4":{"start":{"line":5,"column":27},"end":{"line":5,"column":85}},"5":{"start":{"line":6,"column":8},"end":{"line":6,"column":76}},"6":{"start":{"line":7,"column":8},"end":{"line":11,"column":10}}},"fnMap":{"0":{"name":"(anonymous_0)","decl":{"start":{"line":1,"column":25},"end":{"line":1,"column":26}},"loc":{"start":{"line":1,"column":65},"end":{"line":13,"column":1}}},"1":{"name":"(anonymous_1)","decl":{"start":{"line":2,"column":11},"end":{"line":2,"column":12}},"loc":{"start":{"line":2,"column":48},"end":{"line":12,"column":5}}}},"branchMap":{"0":{"loc":{"start":{"line":1,"column":40},"end":{"line":1,"column":42}},"type":"default-arg","locations":[{"start":{"line":1,"column":40},"end":{"line":1,"column":42}}]},"1":{"loc":{"start":{"line":4,"column":67},"end":{"line":4,"column":73}},"type":"binary-expr","locations":[{"start":{"line":4,"column":67},"end":{"line":4,"column":73}},{"start":{"line":4,"column":77},"end":{"line":4,"column":93}},{"start":{"line":4,"column":98},"end":{"line":4,"column":104}}]},"2":{"loc":{"start":{"line":5,"column":27},"end":{"line":5,"column":43}},"type":"binary-expr","locations":[{"start":{"line":5,"column":27},"end":{"line":5,"column":43}},{"start":{"line":5,"column":47},"end":{"line":5,"column":85}}]},"3":{"loc":{"start":{"line":6,"column":36},"end":{"line":6,"column":57}},"type":"cond-expr","locations":[{"start":{"line":6,"column":36},"end":{"line":6,"column":57}},{"start":{"line":6,"column":60},"end":{"line":6,"column":75}}]},"4":{"loc":{"start":{"line":8,"column":13},"end":{"line":8,"column":19}},"type":"binary-expr","locations":[{"start":{"line":8,"column":13},"end":{"line":8,"column":19}},{"start":{"line":8,"column":23},"end":{"line":8,"column":39}},{"start":{"line":8,"column":44},"end":{"line":8,"column":50}}]}},"s":{"0":1,"1":1,"2":1,"3":1,"4":1,"5":1,"6":1},"f":{"0":1,"1":1},"b":{"0":[1],"1":[1,1,1],"2":[1,1],"3":[0,1],"4":[1,1,1]}}
,"E:\\fy\\Misc\\lib\\decorator\\File.ts": {"path":"E:\\fy\\Misc\\lib\\decorator\\File.ts","statementMap":{"0":{"start":{"line":5,"column":4},"end":{"line":11,"column":5}},"1":{"start":{"line":6,"column":41},"end":{"line":6,"column":57}},"2":{"start":{"line":7,"column":8},"end":{"line":10,"column":9}},"3":{"start":{"line":8,"column":12},"end":{"line":8,"column":86}},"4":{"start":{"line":9,"column":12},"end":{"line":9,"column":56}},"5":{"start":{"line":4,"column":0},"end":{"line":12,"column":1}}},"fnMap":{"0":{"name":"File","decl":{"start":{"line":4,"column":16},"end":{"line":4,"column":20}},"loc":{"start":{"line":4,"column":20},"end":{"line":12,"column":1}}},"1":{"name":"(anonymous_7)","decl":{"start":{"line":5,"column":11},"end":{"line":5,"column":20}},"loc":{"start":{"line":5,"column":77},"end":{"line":11,"column":5}}},"2":{"name":"(anonymous_8)","decl":{"start":{"line":7,"column":27},"end":{"line":7,"column":42}},"loc":{"start":{"line":7,"column":75},"end":{"line":10,"column":9}}}},"branchMap":{},"s":{"0":1,"1":1,"2":1,"3":1,"4":1,"5":1},"f":{"0":1,"1":1,"2":1},"b":{}}
,"E:\\fy\\Misc\\lib\\decorator\\Http.ts": {"path":"E:\\fy\\Misc\\lib\\decorator\\Http.ts","statementMap":{"0":{"start":{"line":1,"column":0},"end":{"line":1,"column":31}},"1":{"start":{"line":4,"column":1},"end":{"line":14,"column":3}},"2":{"start":{"line":5,"column":2},"end":{"line":13,"column":4}},"3":{"start":{"line":3,"column":0},"end":{"line":15,"column":1}},"4":{"start":{"line":18,"column":1},"end":{"line":28,"column":3}},"5":{"start":{"line":19,"column":2},"end":{"line":27,"column":4}},"6":{"start":{"line":17,"column":0},"end":{"line":29,"column":1}},"7":{"start":{"line":32,"column":1},"end":{"line":42,"column":3}},"8":{"start":{"line":33,"column":2},"end":{"line":41,"column":4}},"9":{"start":{"line":31,"column":0},"end":{"line":43,"column":1}},"10":{"start":{"line":46,"column":1},"end":{"line":56,"column":3}},"11":{"start":{"line":47,"column":2},"end":{"line":55,"column":4}},"12":{"start":{"line":45,"column":0},"end":{"line":57,"column":1}},"13":{"start":{"line":60,"column":1},"end":{"line":70,"column":3}},"14":{"start":{"line":61,"column":2},"end":{"line":69,"column":4}},"15":{"start":{"line":59,"column":0},"end":{"line":71,"column":1}},"16":{"start":{"line":74,"column":1},"end":{"line":98,"column":3}},"17":{"start":{"line":75,"column":30},"end":{"line":75,"column":41}},"18":{"start":{"line":77,"column":20},"end":{"line":77,"column":44}},"19":{"start":{"line":78,"column":24},"end":{"line":80,"column":5}},"20":{"start":{"line":81,"column":3},"end":{"line":84,"column":6}},"21":{"start":{"line":82,"column":19},"end":{"line":82,"column":53}},"22":{"start":{"line":83,"column":4},"end":{"line":83,"column":68}},"23":{"start":{"line":85,"column":3},"end":{"line":85,"column":17}},"24":{"start":{"line":89,"column":25},"end":{"line":91,"column":3}},"25":{"start":{"line":90,"column":3},"end":{"line":90,"column":49}},"26":{"start":{"line":94,"column":2},"end":{"line":94,"column":59}},"27":{"start":{"line":97,"column":2},"end":{"line":97,"column":31}},"28":{"start":{"line":73,"column":0},"end":{"line":99,"column":1}}},"fnMap":{"0":{"name":"USE","decl":{"start":{"line":3,"column":16},"end":{"line":3,"column":19}},"loc":{"start":{"line":3,"column":31},"end":{"line":15,"column":1}}},"1":{"name":"(anonymous_2)","decl":{"start":{"line":4,"column":8},"end":{"line":4,"column":16}},"loc":{"start":{"line":4,"column":73},"end":{"line":14,"column":2}}},"2":{"name":"POST","decl":{"start":{"line":17,"column":16},"end":{"line":17,"column":20}},"loc":{"start":{"line":17,"column":32},"end":{"line":29,"column":1}}},"3":{"name":"(anonymous_4)","decl":{"start":{"line":18,"column":8},"end":{"line":18,"column":16}},"loc":{"start":{"line":18,"column":73},"end":{"line":28,"column":2}}},"4":{"name":"GET","decl":{"start":{"line":31,"column":16},"end":{"line":31,"column":19}},"loc":{"start":{"line":31,"column":31},"end":{"line":43,"column":1}}},"5":{"name":"(anonymous_6)","decl":{"start":{"line":32,"column":8},"end":{"line":32,"column":16}},"loc":{"start":{"line":32,"column":73},"end":{"line":42,"column":2}}},"6":{"name":"DELETE","decl":{"start":{"line":45,"column":16},"end":{"line":45,"column":22}},"loc":{"start":{"line":45,"column":34},"end":{"line":57,"column":1}}},"7":{"name":"(anonymous_8)","decl":{"start":{"line":46,"column":8},"end":{"line":46,"column":16}},"loc":{"start":{"line":46,"column":73},"end":{"line":56,"column":2}}},"8":{"name":"PUT","decl":{"start":{"line":59,"column":16},"end":{"line":59,"column":19}},"loc":{"start":{"line":59,"column":31},"end":{"line":71,"column":1}}},"9":{"name":"(anonymous_10)","decl":{"start":{"line":60,"column":8},"end":{"line":60,"column":16}},"loc":{"start":{"line":60,"column":73},"end":{"line":70,"column":2}}},"10":{"name":"Controller","decl":{"start":{"line":73,"column":16},"end":{"line":73,"column":26}},"loc":{"start":{"line":73,"column":38},"end":{"line":99,"column":1}}},"11":{"name":"(anonymous_12)","decl":{"start":{"line":74,"column":8},"end":{"line":74,"column":16}},"loc":{"start":{"line":74,"column":38},"end":{"line":98,"column":2}}},"12":{"name":"instanciate","decl":{"start":{"line":76,"column":11},"end":{"line":76,"column":22}},"loc":{"start":{"line":76,"column":48},"end":{"line":86,"column":3}}},"13":{"name":"(anonymous_14)","decl":{"start":{"line":81,"column":45},"end":{"line":81,"column":47}},"loc":{"start":{"line":81,"column":51},"end":{"line":84,"column":4}}},"14":{"name":"(anonymous_15)","decl":{"start":{"line":89,"column":25},"end":{"line":89,"column":33}},"loc":{"start":{"line":89,"column":48},"end":{"line":91,"column":3}}}},"branchMap":{"0":{"loc":{"start":{"line":73,"column":36},"end":{"line":73,"column":38}},"type":"default-arg","locations":[{"start":{"line":73,"column":36},"end":{"line":73,"column":38}}]}},"s":{"0":1,"1":0,"2":0,"3":1,"4":6,"5":6,"6":1,"7":1,"8":1,"9":1,"10":1,"11":1,"12":1,"13":1,"14":1,"15":1,"16":1,"17":1,"18":1,"19":1,"20":1,"21":9,"22":9,"23":1,"24":1,"25":1,"26":1,"27":1,"28":1},"f":{"0":0,"1":0,"2":6,"3":6,"4":1,"5":1,"6":1,"7":1,"8":1,"9":1,"10":1,"11":1,"12":1,"13":9,"14":1},"b":{"0":[1]}}
,"E:\\fy\\Misc\\lib\\decorator\\Validate.ts": {"path":"E:\\fy\\Misc\\lib\\decorator\\Validate.ts","statementMap":{"0":{"start":{"line":2,"column":0},"end":{"line":2,"column":61}},"1":{"start":{"line":3,"column":0},"end":{"line":3,"column":36}},"2":{"start":{"line":4,"column":0},"end":{"line":4,"column":42}},"3":{"start":{"line":6,"column":0},"end":{"line":9,"column":1}},"4":{"start":{"line":7,"column":1},"end":{"line":7,"column":14}},"5":{"start":{"line":8,"column":1},"end":{"line":8,"column":14}},"6":{"start":{"line":15,"column":29},"end":{"line":15,"column":44}},"7":{"start":{"line":16,"column":20},"end":{"line":16,"column":34}},"8":{"start":{"line":17,"column":1},"end":{"line":32,"column":3}},"9":{"start":{"line":18,"column":35},"end":{"line":18,"column":51}},"10":{"start":{"line":19,"column":2},"end":{"line":31,"column":4}},"11":{"start":{"line":20,"column":18},"end":{"line":20,"column":53}},"12":{"start":{"line":21,"column":3},"end":{"line":29,"column":4}},"13":{"start":{"line":22,"column":4},"end":{"line":22,"column":42}},"14":{"start":{"line":24,"column":17},"end":{"line":24,"column":83}},"15":{"start":{"line":25,"column":22},"end":{"line":25,"column":53}},"16":{"start":{"line":26,"column":4},"end":{"line":28,"column":5}},"17":{"start":{"line":27,"column":5},"end":{"line":27,"column":46}},"18":{"start":{"line":30,"column":3},"end":{"line":30,"column":47}},"19":{"start":{"line":11,"column":0},"end":{"line":33,"column":1}}},"fnMap":{"0":{"name":"(anonymous_6)","decl":{"start":{"line":6,"column":0},"end":{"line":6,"column":4}},"loc":{"start":{"line":6,"column":12},"end":{"line":9,"column":1}}},"1":{"name":"Validate","decl":{"start":{"line":11,"column":16},"end":{"line":11,"column":24}},"loc":{"start":{"line":13,"column":57},"end":{"line":33,"column":1}}},"2":{"name":"(anonymous_8)","decl":{"start":{"line":17,"column":8},"end":{"line":17,"column":16}},"loc":{"start":{"line":17,"column":73},"end":{"line":32,"column":2}}},"3":{"name":"(anonymous_9)","decl":{"start":{"line":19,"column":21},"end":{"line":19,"column":35}},"loc":{"start":{"line":19,"column":52},"end":{"line":31,"column":3}}}},"branchMap":{"0":{"loc":{"start":{"line":6,"column":5},"end":{"line":6,"column":12}},"type":"binary-expr","locations":[{"start":{"line":6,"column":5},"end":{"line":6,"column":12}},{"start":{"line":6,"column":5},"end":{"line":6,"column":12}}]},"1":{"loc":{"start":{"line":13,"column":40},"end":{"line":13,"column":57}},"type":"default-arg","locations":[{"start":{"line":13,"column":40},"end":{"line":13,"column":57}}]},"2":{"loc":{"start":{"line":21,"column":3},"end":{"line":29,"column":4}},"type":"if","locations":[{"start":{"line":21,"column":3},"end":{"line":29,"column":4}},{"start":{"line":21,"column":3},"end":{"line":29,"column":4}}]},"3":{"loc":{"start":{"line":24,"column":35},"end":{"line":24,"column":45}},"type":"cond-expr","locations":[{"start":{"line":24,"column":35},"end":{"line":24,"column":45}},{"start":{"line":24,"column":48},"end":{"line":24,"column":83}}]},"4":{"loc":{"start":{"line":26,"column":4},"end":{"line":28,"column":5}},"type":"if","locations":[{"start":{"line":26,"column":4},"end":{"line":28,"column":5}},{"start":{"line":26,"column":4},"end":{"line":28,"column":5}}]}},"s":{"0":1,"1":1,"2":1,"3":1,"4":1,"5":1,"6":1,"7":1,"8":1,"9":1,"10":1,"11":2,"12":2,"13":0,"14":2,"15":2,"16":2,"17":1,"18":1,"19":1},"f":{"0":1,"1":1,"2":1,"3":2},"b":{"0":[1,1],"1":[1],"2":[0,2],"3":[0,2],"4":[1,1]}}
,"E:\\fy\\Misc\\lib\\decorator\\Value.ts": {"path":"E:\\fy\\Misc\\lib\\decorator\\Value.ts","statementMap":{"0":{"start":{"line":1,"column":0},"end":{"line":1,"column":39}},"1":{"start":{"line":3,"column":13},"end":{"line":12,"column":2}},"2":{"start":{"line":4,"column":1},"end":{"line":11,"column":3}},"3":{"start":{"line":5,"column":27},"end":{"line":5,"column":112}},"4":{"start":{"line":6,"column":21},"end":{"line":6,"column":63}},"5":{"start":{"line":7,"column":2},"end":{"line":9,"column":4}},"6":{"start":{"line":8,"column":3},"end":{"line":8,"column":34}},"7":{"start":{"line":10,"column":2},"end":{"line":10,"column":90}}},"fnMap":{"0":{"name":"(anonymous_0)","decl":{"start":{"line":3,"column":21},"end":{"line":3,"column":22}},"loc":{"start":{"line":3,"column":59},"end":{"line":12,"column":1}}},"1":{"name":"(anonymous_1)","decl":{"start":{"line":4,"column":8},"end":{"line":4,"column":9}},"loc":{"start":{"line":4,"column":45},"end":{"line":11,"column":2}}},"2":{"name":"(anonymous_2)","decl":{"start":{"line":7,"column":19},"end":{"line":7,"column":21}},"loc":{"start":{"line":7,"column":24},"end":{"line":9,"column":3}}}},"branchMap":{"0":{"loc":{"start":{"line":5,"column":61},"end":{"line":5,"column":67}},"type":"binary-expr","locations":[{"start":{"line":5,"column":61},"end":{"line":5,"column":67}},{"start":{"line":5,"column":71},"end":{"line":5,"column":87}},{"start":{"line":5,"column":92},"end":{"line":5,"column":98}}]},"1":{"loc":{"start":{"line":6,"column":21},"end":{"line":6,"column":37}},"type":"binary-expr","locations":[{"start":{"line":6,"column":21},"end":{"line":6,"column":37}},{"start":{"line":6,"column":41},"end":{"line":6,"column":63}}]},"2":{"loc":{"start":{"line":10,"column":26},"end":{"line":10,"column":32}},"type":"binary-expr","locations":[{"start":{"line":10,"column":26},"end":{"line":10,"column":32}},{"start":{"line":10,"column":36},"end":{"line":10,"column":52}},{"start":{"line":10,"column":57},"end":{"line":10,"column":63}}]}},"s":{"0":1,"1":1,"2":1,"3":1,"4":1,"5":1,"6":1,"7":1},"f":{"0":1,"1":1,"2":1},"b":{"0":[1,1,1],"1":[1,1],"2":[1,1,1]}}
,"E:\\fy\\Misc\\lib\\util\\config.ts": {"path":"E:\\fy\\Misc\\lib\\util\\config.ts","statementMap":{"0":{"start":{"line":1,"column":0},"end":{"line":1,"column":30}},"1":{"start":{"line":2,"column":0},"end":{"line":2,"column":32}},"2":{"start":{"line":3,"column":0},"end":{"line":3,"column":30}},"3":{"start":{"line":4,"column":0},"end":{"line":4,"column":45}},"4":{"start":{"line":11,"column":2},"end":{"line":13,"column":3}},"5":{"start":{"line":12,"column":3},"end":{"line":12,"column":62}},"6":{"start":{"line":14,"column":22},"end":{"line":14,"column":72}},"7":{"start":{"line":15,"column":23},"end":{"line":15,"column":57}},"8":{"start":{"line":16,"column":2},"end":{"line":44,"column":3}},"9":{"start":{"line":17,"column":3},"end":{"line":25,"column":4}},"10":{"start":{"line":18,"column":4},"end":{"line":18,"column":100}},"11":{"start":{"line":19,"column":4},"end":{"line":19,"column":86}},"12":{"start":{"line":20,"column":10},"end":{"line":25,"column":4}},"13":{"start":{"line":21,"column":4},"end":{"line":21,"column":50}},"14":{"start":{"line":22,"column":4},"end":{"line":22,"column":67}},"15":{"start":{"line":24,"column":4},"end":{"line":24,"column":78}},"16":{"start":{"line":26,"column":3},"end":{"line":43,"column":6}},"17":{"start":{"line":30,"column":4},"end":{"line":30,"column":38}},"18":{"start":{"line":31,"column":4},"end":{"line":42,"column":5}},"19":{"start":{"line":32,"column":5},"end":{"line":32,"column":40}},"20":{"start":{"line":33,"column":5},"end":{"line":33,"column":101}},"21":{"start":{"line":34,"column":5},"end":{"line":34,"column":87}},"22":{"start":{"line":36,"column":5},"end":{"line":36,"column":51}},"23":{"start":{"line":37,"column":5},"end":{"line":37,"column":55}},"24":{"start":{"line":38,"column":5},"end":{"line":38,"column":39}},"25":{"start":{"line":39,"column":5},"end":{"line":39,"column":39}},"26":{"start":{"line":40,"column":5},"end":{"line":40,"column":33}},"27":{"start":{"line":41,"column":5},"end":{"line":41,"column":73}},"28":{"start":{"line":45,"column":2},"end":{"line":45,"column":24}},"29":{"start":{"line":49,"column":9},"end":{"line":49,"column":15}}},"fnMap":{"0":{"name":"(anonymous_0)","decl":{"start":{"line":10,"column":1},"end":{"line":10,"column":6}},"loc":{"start":{"line":10,"column":20},"end":{"line":46,"column":2}}},"1":{"name":"(anonymous_1)","decl":{"start":{"line":29,"column":19},"end":{"line":29,"column":21}},"loc":{"start":{"line":29,"column":24},"end":{"line":43,"column":4}}}},"branchMap":{"0":{"loc":{"start":{"line":11,"column":2},"end":{"line":13,"column":3}},"type":"if","locations":[{"start":{"line":11,"column":2},"end":{"line":13,"column":3}},{"start":{"line":11,"column":2},"end":{"line":13,"column":3}}]},"1":{"loc":{"start":{"line":16,"column":2},"end":{"line":44,"column":3}},"type":"if","locations":[{"start":{"line":16,"column":2},"end":{"line":44,"column":3}},{"start":{"line":16,"column":2},"end":{"line":44,"column":3}}]},"2":{"loc":{"start":{"line":17,"column":3},"end":{"line":25,"column":4}},"type":"if","locations":[{"start":{"line":17,"column":3},"end":{"line":25,"column":4}},{"start":{"line":17,"column":3},"end":{"line":25,"column":4}}]},"3":{"loc":{"start":{"line":17,"column":7},"end":{"line":17,"column":31}},"type":"binary-expr","locations":[{"start":{"line":17,"column":7},"end":{"line":17,"column":31}},{"start":{"line":17,"column":35},"end":{"line":17,"column":58}}]},"4":{"loc":{"start":{"line":20,"column":10},"end":{"line":25,"column":4}},"type":"if","locations":[{"start":{"line":20,"column":10},"end":{"line":25,"column":4}},{"start":{"line":20,"column":10},"end":{"line":25,"column":4}}]},"5":{"loc":{"start":{"line":31,"column":4},"end":{"line":42,"column":5}},"type":"if","locations":[{"start":{"line":31,"column":4},"end":{"line":42,"column":5}},{"start":{"line":31,"column":4},"end":{"line":42,"column":5}}]}},"s":{"0":1,"1":1,"2":1,"3":1,"4":3,"5":0,"6":3,"7":3,"8":3,"9":1,"10":0,"11":0,"12":1,"13":1,"14":1,"15":0,"16":1,"17":1,"18":1,"19":0,"20":0,"21":0,"22":1,"23":1,"24":1,"25":1,"26":1,"27":1,"28":3,"29":1},"f":{"0":3,"1":1},"b":{"0":[0,3],"1":[1,2],"2":[0,1],"3":[1,0],"4":[1,0],"5":[0,1]}}
,"E:\\fy\\Misc\\lib\\util\\log.ts": {"path":"E:\\fy\\Misc\\lib\\util\\log.ts","statementMap":{"0":{"start":{"line":1,"column":0},"end":{"line":1,"column":25}},"1":{"start":{"line":2,"column":0},"end":{"line":2,"column":27}},"2":{"start":{"line":6,"column":8},"end":{"line":6,"column":115}},"3":{"start":{"line":10,"column":8},"end":{"line":10,"column":114}},"4":{"start":{"line":14,"column":8},"end":{"line":14,"column":112}},"5":{"start":{"line":18,"column":15},"end":{"line":18,"column":27}},"6":{"start":{"line":20,"column":9},"end":{"line":20,"column":15}}},"fnMap":{"0":{"name":"(anonymous_1)","decl":{"start":{"line":5,"column":4},"end":{"line":5,"column":7}},"loc":{"start":{"line":5,"column":16},"end":{"line":7,"column":5}}},"1":{"name":"(anonymous_2)","decl":{"start":{"line":9,"column":4},"end":{"line":9,"column":10}},"loc":{"start":{"line":9,"column":19},"end":{"line":11,"column":5}}},"2":{"name":"(anonymous_3)","decl":{"start":{"line":13,"column":4},"end":{"line":13,"column":8}},"loc":{"start":{"line":13,"column":17},"end":{"line":15,"column":5}}}},"branchMap":{},"s":{"0":1,"1":1,"2":1,"3":6,"4":0,"5":1,"6":1},"f":{"0":1,"1":6,"2":0},"b":{}}
,"E:\\fy\\Misc\\lib\\util\\response.ts": {"path":"E:\\fy\\Misc\\lib\\util\\response.ts","statementMap":{"0":{"start":{"line":7,"column":8},"end":{"line":7,"column":25}},"1":{"start":{"line":8,"column":8},"end":{"line":8,"column":31}},"2":{"start":{"line":9,"column":8},"end":{"line":9,"column":25}},"3":{"start":{"line":1,"column":0},"end":{"line":11,"column":1}},"4":{"start":{"line":19,"column":8},"end":{"line":19,"column":35}},"5":{"start":{"line":20,"column":8},"end":{"line":20,"column":31}},"6":{"start":{"line":21,"column":8},"end":{"line":21,"column":25}},"7":{"start":{"line":13,"column":0},"end":{"line":23,"column":1}},"8":{"start":{"line":30,"column":8},"end":{"line":30,"column":16}},"9":{"start":{"line":31,"column":8},"end":{"line":31,"column":32}},"10":{"start":{"line":32,"column":8},"end":{"line":32,"column":31}},"11":{"start":{"line":33,"column":8},"end":{"line":33,"column":25}},"12":{"start":{"line":25,"column":0},"end":{"line":35,"column":1}},"13":{"start":{"line":42,"column":8},"end":{"line":42,"column":16}},"14":{"start":{"line":43,"column":8},"end":{"line":43,"column":33}},"15":{"start":{"line":44,"column":8},"end":{"line":44,"column":31}},"16":{"start":{"line":45,"column":8},"end":{"line":45,"column":25}},"17":{"start":{"line":37,"column":0},"end":{"line":47,"column":1}},"18":{"start":{"line":49,"column":0},"end":{"line":54,"column":1}},"19":{"start":{"line":50,"column":4},"end":{"line":50,"column":13}},"20":{"start":{"line":51,"column":4},"end":{"line":51,"column":8}},"21":{"start":{"line":52,"column":4},"end":{"line":52,"column":11}},"22":{"start":{"line":53,"column":4},"end":{"line":53,"column":7}}},"fnMap":{"0":{"name":"(anonymous_0)","decl":{"start":{"line":6,"column":4},"end":{"line":6,"column":15}},"loc":{"start":{"line":6,"column":35},"end":{"line":10,"column":5}}},"1":{"name":"(anonymous_1)","decl":{"start":{"line":18,"column":4},"end":{"line":18,"column":15}},"loc":{"start":{"line":18,"column":29},"end":{"line":22,"column":5}}},"2":{"name":"(anonymous_2)","decl":{"start":{"line":29,"column":4},"end":{"line":29,"column":15}},"loc":{"start":{"line":29,"column":29},"end":{"line":34,"column":5}}},"3":{"name":"(anonymous_3)","decl":{"start":{"line":41,"column":4},"end":{"line":41,"column":15}},"loc":{"start":{"line":41,"column":29},"end":{"line":46,"column":5}}},"4":{"name":"(anonymous_4)","decl":{"start":{"line":49,"column":0},"end":{"line":49,"column":11}},"loc":{"start":{"line":49,"column":18},"end":{"line":54,"column":1}}}},"branchMap":{"0":{"loc":{"start":{"line":49,"column":12},"end":{"line":49,"column":18}},"type":"binary-expr","locations":[{"start":{"line":49,"column":12},"end":{"line":49,"column":18}},{"start":{"line":49,"column":12},"end":{"line":49,"column":18}}]}},"s":{"0":0,"1":0,"2":0,"3":1,"4":10,"5":10,"6":10,"7":1,"8":1,"9":1,"10":1,"11":1,"12":1,"13":0,"14":0,"15":0,"16":0,"17":1,"18":1,"19":1,"20":1,"21":1,"22":1},"f":{"0":0,"1":10,"2":1,"3":0,"4":1},"b":{"0":[1,1]}}
,"E:\\fy\\Misc\\test\\router\\router.ts": {"path":"E:\\fy\\Misc\\test\\router\\router.ts","statementMap":{"0":{"start":{"line":1,"column":0},"end":{"line":1,"column":21}},"1":{"start":{"line":2,"column":0},"end":{"line":14,"column":24}},"2":{"start":{"line":15,"column":0},"end":{"line":15,"column":52}},"3":{"start":{"line":16,"column":0},"end":{"line":16,"column":37}},"4":{"start":{"line":19,"column":0},"end":{"line":76,"column":1}},"5":{"start":{"line":28,"column":2},"end":{"line":28,"column":50}},"6":{"start":{"line":34,"column":2},"end":{"line":34,"column":60}},"7":{"start":{"line":39,"column":2},"end":{"line":39,"column":57}},"8":{"start":{"line":44,"column":2},"end":{"line":44,"column":49}},"9":{"start":{"line":49,"column":2},"end":{"line":49,"column":43}},"10":{"start":{"line":54,"column":2},"end":{"line":54,"column":43}},"11":{"start":{"line":59,"column":2},"end":{"line":59,"column":43}},"12":{"start":{"line":69,"column":2},"end":{"line":69,"column":43}},"13":{"start":{"line":74,"column":2},"end":{"line":74,"column":54}},"14":{"start":{"line":21,"column":1},"end":{"line":21,"column":20}},"15":{"start":{"line":24,"column":1},"end":{"line":24,"column":26}},"16":{"start":{"line":27,"column":1},"end":{"line":29,"column":2}},"17":{"start":{"line":33,"column":1},"end":{"line":35,"column":2}},"18":{"start":{"line":38,"column":1},"end":{"line":40,"column":2}},"19":{"start":{"line":43,"column":1},"end":{"line":45,"column":2}},"20":{"start":{"line":48,"column":1},"end":{"line":50,"column":2}},"21":{"start":{"line":53,"column":1},"end":{"line":55,"column":2}},"22":{"start":{"line":58,"column":1},"end":{"line":60,"column":2}},"23":{"start":{"line":68,"column":1},"end":{"line":70,"column":5}},"24":{"start":{"line":73,"column":1},"end":{"line":75,"column":2}},"25":{"start":{"line":19,"column":21},"end":{"line":76,"column":1}}},"fnMap":{"0":{"name":"(anonymous_9)","decl":{"start":{"line":27,"column":7},"end":{"line":27,"column":11}},"loc":{"start":{"line":27,"column":29},"end":{"line":29,"column":2}}},"1":{"name":"(anonymous_11)","decl":{"start":{"line":33,"column":7},"end":{"line":33,"column":14}},"loc":{"start":{"line":33,"column":32},"end":{"line":35,"column":2}}},"2":{"name":"(anonymous_13)","decl":{"start":{"line":38,"column":7},"end":{"line":38,"column":15}},"loc":{"start":{"line":38,"column":33},"end":{"line":40,"column":2}}},"3":{"name":"(anonymous_15)","decl":{"start":{"line":43,"column":7},"end":{"line":43,"column":11}},"loc":{"start":{"line":43,"column":29},"end":{"line":45,"column":2}}},"4":{"name":"(anonymous_17)","decl":{"start":{"line":48,"column":7},"end":{"line":48,"column":9}},"loc":{"start":{"line":48,"column":27},"end":{"line":50,"column":2}}},"5":{"name":"(anonymous_19)","decl":{"start":{"line":53,"column":7},"end":{"line":53,"column":12}},"loc":{"start":{"line":53,"column":30},"end":{"line":55,"column":2}}},"6":{"name":"(anonymous_21)","decl":{"start":{"line":58,"column":7},"end":{"line":58,"column":9}},"loc":{"start":{"line":58,"column":27},"end":{"line":60,"column":2}}},"7":{"name":"(anonymous_23)","decl":{"start":{"line":68,"column":7},"end":{"line":68,"column":14}},"loc":{"start":{"line":68,"column":32},"end":{"line":70,"column":5}}},"8":{"name":"(anonymous_25)","decl":{"start":{"line":73,"column":7},"end":{"line":73,"column":12}},"loc":{"start":{"line":73,"column":30},"end":{"line":75,"column":2}}}},"branchMap":{},"s":{"0":1,"1":1,"2":1,"3":1,"4":1,"5":1,"6":1,"7":1,"8":1,"9":1,"10":1,"11":1,"12":1,"13":2,"14":1,"15":1,"16":1,"17":1,"18":1,"19":1,"20":1,"21":1,"22":1,"23":1,"24":1,"25":1},"f":{"0":1,"1":1,"2":1,"3":1,"4":1,"5":1,"6":1,"7":1,"8":2},"b":{}}
,"E:\\fy\\Misc\\test\\service\\TestService.ts": {"path":"E:\\fy\\Misc\\test\\service\\TestService.ts","statementMap":{"0":{"start":{"line":3,"column":2},"end":{"line":3,"column":19}},"1":{"start":{"line":1,"column":0},"end":{"line":5,"column":1}}},"fnMap":{"0":{"name":"(anonymous_0)","decl":{"start":{"line":2,"column":1},"end":{"line":2,"column":4}},"loc":{"start":{"line":2,"column":5},"end":{"line":4,"column":2}}}},"branchMap":{},"s":{"0":1,"1":1},"f":{"0":1},"b":{}}
}
