{"E:\\fy\\Misc\\lib\\core\\app.ts": {"path":"E:\\fy\\Misc\\lib\\core\\app.ts","statementMap":{"0":{"start":{"line":1,"column":0},"end":{"line":1,"column":26}},"1":{"start":{"line":2,"column":0},"end":{"line":2,"column":21}},"2":{"start":{"line":3,"column":0},"end":{"line":3,"column":33}},"3":{"start":{"line":4,"column":0},"end":{"line":4,"column":23}},"4":{"start":{"line":5,"column":0},"end":{"line":5,"column":27}},"5":{"start":{"line":6,"column":0},"end":{"line":6,"column":31}},"6":{"start":{"line":7,"column":0},"end":{"line":7,"column":36}},"7":{"start":{"line":8,"column":0},"end":{"line":8,"column":23}},"8":{"start":{"line":9,"column":0},"end":{"line":9,"column":25}},"9":{"start":{"line":11,"column":0},"end":{"line":11,"column":28}},"10":{"start":{"line":12,"column":0},"end":{"line":12,"column":33}},"11":{"start":{"line":13,"column":0},"end":{"line":13,"column":27}},"12":{"start":{"line":14,"column":0},"end":{"line":14,"column":29}},"13":{"start":{"line":19,"column":21},"end":{"line":19,"column":35}},"14":{"start":{"line":20,"column":8},"end":{"line":20,"column":43}},"15":{"start":{"line":21,"column":8},"end":{"line":21,"column":16}},"16":{"start":{"line":22,"column":8},"end":{"line":26,"column":9}},"17":{"start":{"line":23,"column":12},"end":{"line":23,"column":38}},"18":{"start":{"line":25,"column":12},"end":{"line":25,"column":29}},"19":{"start":{"line":27,"column":8},"end":{"line":27,"column":30}},"20":{"start":{"line":28,"column":8},"end":{"line":31,"column":9}},"21":{"start":{"line":29,"column":12},"end":{"line":29,"column":40}},"22":{"start":{"line":30,"column":12},"end":{"line":30,"column":29}},"23":{"start":{"line":32,"column":8},"end":{"line":34,"column":9}},"24":{"start":{"line":33,"column":12},"end":{"line":33,"column":50}},"25":{"start":{"line":35,"column":8},"end":{"line":37,"column":9}},"26":{"start":{"line":36,"column":12},"end":{"line":36,"column":46}},"27":{"start":{"line":38,"column":25},"end":{"line":38,"column":27}},"28":{"start":{"line":39,"column":8},"end":{"line":57,"column":9}},"29":{"start":{"line":40,"column":12},"end":{"line":56,"column":21}},"30":{"start":{"line":41,"column":16},"end":{"line":55,"column":17}},"31":{"start":{"line":42,"column":20},"end":{"line":52,"column":21}},"32":{"start":{"line":43,"column":45},"end":{"line":43,"column":74}},"33":{"start":{"line":44,"column":24},"end":{"line":49,"column":25}},"34":{"start":{"line":45,"column":28},"end":{"line":45,"column":50}},"35":{"start":{"line":46,"column":28},"end":{"line":46,"column":83}},"36":{"start":{"line":48,"column":28},"end":{"line":48,"column":83}},"37":{"start":{"line":51,"column":24},"end":{"line":51,"column":66}},"38":{"start":{"line":54,"column":20},"end":{"line":54,"column":72}},"39":{"start":{"line":58,"column":8},"end":{"line":64,"column":9}},"40":{"start":{"line":59,"column":12},"end":{"line":59,"column":79}},"41":{"start":{"line":60,"column":15},"end":{"line":64,"column":9}},"42":{"start":{"line":61,"column":12},"end":{"line":61,"column":90}},"43":{"start":{"line":63,"column":12},"end":{"line":63,"column":45}},"44":{"start":{"line":65,"column":8},"end":{"line":69,"column":9}},"45":{"start":{"line":66,"column":12},"end":{"line":68,"column":16}},"46":{"start":{"line":67,"column":16},"end":{"line":67,"column":45}},"47":{"start":{"line":70,"column":8},"end":{"line":70,"column":59}},"48":{"start":{"line":71,"column":8},"end":{"line":71,"column":55}},"49":{"start":{"line":72,"column":8},"end":{"line":72,"column":51}},"50":{"start":{"line":16,"column":0},"end":{"line":74,"column":1}}},"fnMap":{"0":{"name":"(anonymous_1)","decl":{"start":{"line":18,"column":4},"end":{"line":18,"column":15}},"loc":{"start":{"line":18,"column":29},"end":{"line":73,"column":5}}},"1":{"name":"(anonymous_2)","decl":{"start":{"line":40,"column":72},"end":{"line":40,"column":73}},"loc":{"start":{"line":40,"column":81},"end":{"line":56,"column":13}}},"2":{"name":"(anonymous_3)","decl":{"start":{"line":66,"column":61},"end":{"line":66,"column":62}},"loc":{"start":{"line":66,"column":70},"end":{"line":68,"column":13}}}},"branchMap":{"0":{"loc":{"start":{"line":22,"column":8},"end":{"line":26,"column":9}},"type":"if","locations":[{"start":{"line":22,"column":8},"end":{"line":26,"column":9}},{"start":{"line":22,"column":8},"end":{"line":26,"column":9}}]},"1":{"loc":{"start":{"line":28,"column":8},"end":{"line":31,"column":9}},"type":"if","locations":[{"start":{"line":28,"column":8},"end":{"line":31,"column":9}},{"start":{"line":28,"column":8},"end":{"line":31,"column":9}}]},"2":{"loc":{"start":{"line":32,"column":8},"end":{"line":34,"column":9}},"type":"if","locations":[{"start":{"line":32,"column":8},"end":{"line":34,"column":9}},{"start":{"line":32,"column":8},"end":{"line":34,"column":9}}]},"3":{"loc":{"start":{"line":35,"column":8},"end":{"line":37,"column":9}},"type":"if","locations":[{"start":{"line":35,"column":8},"end":{"line":37,"column":9}},{"start":{"line":35,"column":8},"end":{"line":37,"column":9}}]},"4":{"loc":{"start":{"line":39,"column":8},"end":{"line":57,"column":9}},"type":"if","locations":[{"start":{"line":39,"column":8},"end":{"line":57,"column":9}},{"start":{"line":39,"column":8},"end":{"line":57,"column":9}}]},"5":{"loc":{"start":{"line":41,"column":16},"end":{"line":55,"column":17}},"type":"if","locations":[{"start":{"line":41,"column":16},"end":{"line":55,"column":17}},{"start":{"line":41,"column":16},"end":{"line":55,"column":17}}]},"6":{"loc":{"start":{"line":44,"column":24},"end":{"line":49,"column":25}},"type":"if","locations":[{"start":{"line":44,"column":24},"end":{"line":49,"column":25}},{"start":{"line":44,"column":24},"end":{"line":49,"column":25}}]},"7":{"loc":{"start":{"line":58,"column":8},"end":{"line":64,"column":9}},"type":"if","locations":[{"start":{"line":58,"column":8},"end":{"line":64,"column":9}},{"start":{"line":58,"column":8},"end":{"line":64,"column":9}}]},"8":{"loc":{"start":{"line":60,"column":15},"end":{"line":64,"column":9}},"type":"if","locations":[{"start":{"line":60,"column":15},"end":{"line":64,"column":9}},{"start":{"line":60,"column":15},"end":{"line":64,"column":9}}]},"9":{"loc":{"start":{"line":65,"column":8},"end":{"line":69,"column":9}},"type":"if","locations":[{"start":{"line":65,"column":8},"end":{"line":69,"column":9}},{"start":{"line":65,"column":8},"end":{"line":69,"column":9}}]}},"s":{"0":1,"1":1,"2":1,"3":1,"4":1,"5":1,"6":1,"7":1,"8":1,"9":1,"10":1,"11":1,"12":1,"13":1,"14":1,"15":1,"16":1,"17":0,"18":1,"19":1,"20":1,"21":0,"22":0,"23":1,"24":0,"25":1,"26":0,"27":1,"28":1,"29":0,"30":0,"31":0,"32":0,"33":0,"34":0,"35":0,"36":0,"37":0,"38":0,"39":1,"40":1,"41":0,"42":0,"43":0,"44":1,"45":0,"46":0,"47":1,"48":1,"49":1,"50":1},"f":{"0":1,"1":0,"2":0},"b":{"0":[0,1],"1":[0,1],"2":[0,1],"3":[0,1],"4":[0,1],"5":[0,0],"6":[0,0],"7":[1,0],"8":[0,0],"9":[0,1]}}
,"E:\\fy\\Misc\\lib\\util\\log.ts": {"path":"E:\\fy\\Misc\\lib\\util\\log.ts","statementMap":{"0":{"start":{"line":1,"column":0},"end":{"line":1,"column":25}},"1":{"start":{"line":2,"column":0},"end":{"line":2,"column":27}},"2":{"start":{"line":6,"column":8},"end":{"line":6,"column":115}},"3":{"start":{"line":10,"column":8},"end":{"line":10,"column":114}},"4":{"start":{"line":14,"column":8},"end":{"line":14,"column":112}},"5":{"start":{"line":18,"column":15},"end":{"line":18,"column":27}},"6":{"start":{"line":20,"column":9},"end":{"line":20,"column":15}}},"fnMap":{"0":{"name":"(anonymous_1)","decl":{"start":{"line":5,"column":4},"end":{"line":5,"column":7}},"loc":{"start":{"line":5,"column":16},"end":{"line":7,"column":5}}},"1":{"name":"(anonymous_2)","decl":{"start":{"line":9,"column":4},"end":{"line":9,"column":10}},"loc":{"start":{"line":9,"column":19},"end":{"line":11,"column":5}}},"2":{"name":"(anonymous_3)","decl":{"start":{"line":13,"column":4},"end":{"line":13,"column":8}},"loc":{"start":{"line":13,"column":17},"end":{"line":15,"column":5}}}},"branchMap":{},"s":{"0":1,"1":1,"2":1,"3":3,"4":0,"5":1,"6":1},"f":{"0":1,"1":3,"2":0},"b":{}}
,"E:\\fy\\Misc\\test\\instances\\exmaple.ts": {"path":"E:\\fy\\Misc\\test\\instances\\exmaple.ts","statementMap":{"0":{"start":{"line":1,"column":0},"end":{"line":1,"column":41}},"1":{"start":{"line":3,"column":12},"end":{"line":6,"column":2}},"2":{"start":{"line":8,"column":16},"end":{"line":8,"column":26}},"3":{"start":{"line":10,"column":9},"end":{"line":10,"column":16}}},"fnMap":{},"branchMap":{},"s":{"0":1,"1":1,"2":1,"3":1},"f":{},"b":{}}
}
