TN:
SF:E:\fy\Misc\lib\index.ts
FNF:0
FNH:0
DA:1,1
DA:2,1
DA:3,1
DA:4,1
DA:5,1
DA:6,1
DA:7,1
DA:8,1
DA:9,1
LF:9
LH:9
BRF:0
BRH:0
end_of_record
TN:
SF:E:\fy\Misc\lib\core\app.ts
FN:18,(anonymous_1)
FN:40,(anonymous_2)
FN:68,(anonymous_3)
FNF:3
FNH:3
FNDA:1,(anonymous_1)
FNDA:1,(anonymous_2)
FNDA:1,(anonymous_3)
DA:1,1
DA:2,1
DA:3,1
DA:4,1
DA:5,1
DA:6,1
DA:7,1
DA:8,1
DA:9,1
DA:11,1
DA:12,1
DA:13,1
DA:14,1
DA:16,1
DA:19,1
DA:20,1
DA:21,1
DA:22,1
DA:23,1
DA:25,0
DA:27,1
DA:28,1
DA:29,0
DA:30,0
DA:32,1
DA:33,0
DA:35,1
DA:36,0
DA:38,1
DA:39,1
DA:40,1
DA:41,1
DA:42,1
DA:43,1
DA:44,1
DA:45,1
DA:46,1
DA:48,0
DA:51,0
DA:54,0
DA:58,1
DA:59,1
DA:60,0
DA:61,0
DA:63,0
DA:65,1
DA:66,1
DA:69,1
DA:73,1
DA:74,1
DA:75,1
LF:51
LH:40
BRDA:22,0,0,1
BRDA:22,0,1,0
BRDA:28,1,0,0
BRDA:28,1,1,1
BRDA:32,2,0,0
BRDA:32,2,1,1
BRDA:35,3,0,0
BRDA:35,3,1,1
BRDA:39,4,0,1
BRDA:39,4,1,0
BRDA:41,5,0,1
BRDA:41,5,1,0
BRDA:44,6,0,1
BRDA:44,6,1,0
BRDA:58,7,0,1
BRDA:58,7,1,0
BRDA:60,8,0,0
BRDA:60,8,1,0
BRDA:65,9,0,1
BRDA:65,9,1,0
BRF:20
BRH:9
end_of_record
TN:
SF:E:\fy\Misc\lib\decorator\Autowired.ts
FN:1,(anonymous_0)
FN:2,(anonymous_1)
FNF:2
FNH:2
FNDA:1,(anonymous_0)
FNDA:1,(anonymous_1)
DA:1,1
DA:2,1
DA:3,1
DA:4,1
DA:5,1
DA:6,1
DA:7,1
LF:7
LH:7
BRDA:1,0,0,1
BRDA:4,1,0,1
BRDA:4,1,1,1
BRDA:4,1,2,1
BRDA:5,2,0,1
BRDA:5,2,1,1
BRDA:6,3,0,0
BRDA:6,3,1,1
BRDA:8,4,0,1
BRDA:8,4,1,1
BRDA:8,4,2,1
BRF:11
BRH:10
end_of_record
TN:
SF:E:\fy\Misc\lib\decorator\File.ts
FN:4,File
FN:5,(anonymous_7)
FN:7,(anonymous_8)
FNF:3
FNH:3
FNDA:1,File
FNDA:1,(anonymous_7)
FNDA:1,(anonymous_8)
DA:4,1
DA:5,1
DA:6,1
DA:7,1
DA:8,1
DA:9,1
LF:6
LH:6
BRF:0
BRH:0
end_of_record
TN:
SF:E:\fy\Misc\lib\decorator\Http.ts
FN:3,USE
FN:4,(anonymous_2)
FN:17,POST
FN:18,(anonymous_4)
FN:31,GET
FN:32,(anonymous_6)
FN:45,DELETE
FN:46,(anonymous_8)
FN:59,PUT
FN:60,(anonymous_10)
FN:73,Controller
FN:74,(anonymous_12)
FN:76,instanciate
FN:81,(anonymous_14)
FN:89,(anonymous_15)
FNF:15
FNH:13
FNDA:0,USE
FNDA:0,(anonymous_2)
FNDA:6,POST
FNDA:6,(anonymous_4)
FNDA:1,GET
FNDA:1,(anonymous_6)
FNDA:1,DELETE
FNDA:1,(anonymous_8)
FNDA:1,PUT
FNDA:1,(anonymous_10)
FNDA:1,Controller
FNDA:1,(anonymous_12)
FNDA:1,instanciate
FNDA:9,(anonymous_14)
FNDA:1,(anonymous_15)
DA:1,1
DA:3,1
DA:4,0
DA:5,0
DA:17,1
DA:18,6
DA:19,6
DA:31,1
DA:32,1
DA:33,1
DA:45,1
DA:46,1
DA:47,1
DA:59,1
DA:60,1
DA:61,1
DA:73,1
DA:74,1
DA:75,1
DA:77,1
DA:78,1
DA:81,1
DA:82,9
DA:83,9
DA:85,1
DA:89,1
DA:90,1
DA:94,1
DA:97,1
LF:29
LH:27
BRDA:73,0,0,1
BRF:1
BRH:1
end_of_record
TN:
SF:E:\fy\Misc\lib\decorator\Validate.ts
FN:6,(anonymous_6)
FN:11,Validate
FN:17,(anonymous_8)
FN:19,(anonymous_9)
FNF:4
FNH:4
FNDA:1,(anonymous_6)
FNDA:1,Validate
FNDA:1,(anonymous_8)
FNDA:2,(anonymous_9)
DA:2,1
DA:3,1
DA:4,1
DA:6,1
DA:7,1
DA:8,1
DA:11,1
DA:15,1
DA:16,1
DA:17,1
DA:18,1
DA:19,1
DA:20,2
DA:21,2
DA:22,0
DA:24,2
DA:25,2
DA:26,2
DA:27,1
DA:30,1
LF:20
LH:19
BRDA:6,0,0,1
BRDA:6,0,1,1
BRDA:13,1,0,1
BRDA:21,2,0,0
BRDA:21,2,1,2
BRDA:24,3,0,0
BRDA:24,3,1,2
BRDA:26,4,0,1
BRDA:26,4,1,1
BRF:9
BRH:7
end_of_record
TN:
SF:E:\fy\Misc\lib\decorator\Value.ts
FN:3,(anonymous_0)
FN:4,(anonymous_1)
FN:7,(anonymous_2)
FNF:3
FNH:3
FNDA:1,(anonymous_0)
FNDA:1,(anonymous_1)
FNDA:1,(anonymous_2)
DA:1,1
DA:3,1
DA:4,1
DA:5,1
DA:6,1
DA:7,1
DA:8,1
DA:10,1
LF:8
LH:8
BRDA:5,0,0,1
BRDA:5,0,1,1
BRDA:5,0,2,1
BRDA:6,1,0,1
BRDA:6,1,1,1
BRDA:10,2,0,1
BRDA:10,2,1,1
BRDA:10,2,2,1
BRF:8
BRH:8
end_of_record
TN:
SF:E:\fy\Misc\lib\util\config.ts
FN:10,(anonymous_0)
FN:29,(anonymous_1)
FNF:2
FNH:2
FNDA:3,(anonymous_0)
FNDA:1,(anonymous_1)
DA:1,1
DA:2,1
DA:3,1
DA:4,1
DA:11,3
DA:12,0
DA:14,3
DA:15,3
DA:16,3
DA:17,1
DA:18,0
DA:19,0
DA:20,1
DA:21,1
DA:22,1
DA:24,0
DA:26,1
DA:30,1
DA:31,1
DA:32,0
DA:33,0
DA:34,0
DA:36,1
DA:37,1
DA:38,1
DA:39,1
DA:40,1
DA:41,1
DA:45,3
DA:49,1
LF:30
LH:23
BRDA:11,0,0,0
BRDA:11,0,1,3
BRDA:16,1,0,1
BRDA:16,1,1,2
BRDA:17,2,0,0
BRDA:17,2,1,1
BRDA:17,3,0,1
BRDA:17,3,1,0
BRDA:20,4,0,1
BRDA:20,4,1,0
BRDA:31,5,0,0
BRDA:31,5,1,1
BRF:12
BRH:7
end_of_record
TN:
SF:E:\fy\Misc\lib\util\log.ts
FN:5,(anonymous_1)
FN:9,(anonymous_2)
FN:13,(anonymous_3)
FNF:3
FNH:2
FNDA:1,(anonymous_1)
FNDA:6,(anonymous_2)
FNDA:0,(anonymous_3)
DA:1,1
DA:2,1
DA:6,1
DA:10,6
DA:14,0
DA:18,1
DA:20,1
LF:7
LH:6
BRF:0
BRH:0
end_of_record
TN:
SF:E:\fy\Misc\lib\util\response.ts
FN:6,(anonymous_0)
FN:18,(anonymous_1)
FN:29,(anonymous_2)
FN:41,(anonymous_3)
FN:49,(anonymous_4)
FNF:5
FNH:3
FNDA:0,(anonymous_0)
FNDA:10,(anonymous_1)
FNDA:1,(anonymous_2)
FNDA:0,(anonymous_3)
FNDA:1,(anonymous_4)
DA:1,1
DA:7,0
DA:8,0
DA:9,0
DA:13,1
DA:19,10
DA:20,10
DA:21,10
DA:25,1
DA:30,1
DA:31,1
DA:32,1
DA:33,1
DA:37,1
DA:42,0
DA:43,0
DA:44,0
DA:45,0
DA:49,1
DA:50,1
DA:51,1
DA:52,1
DA:53,1
LF:23
LH:16
BRDA:49,0,0,1
BRDA:49,0,1,1
BRF:2
BRH:2
end_of_record
TN:
SF:E:\fy\Misc\test\router\router.ts
FN:27,(anonymous_9)
FN:33,(anonymous_11)
FN:38,(anonymous_13)
FN:43,(anonymous_15)
FN:48,(anonymous_17)
FN:53,(anonymous_19)
FN:58,(anonymous_21)
FN:68,(anonymous_23)
FN:73,(anonymous_25)
FNF:9
FNH:9
FNDA:1,(anonymous_9)
FNDA:1,(anonymous_11)
FNDA:1,(anonymous_13)
FNDA:1,(anonymous_15)
FNDA:1,(anonymous_17)
FNDA:1,(anonymous_19)
FNDA:1,(anonymous_21)
FNDA:1,(anonymous_23)
FNDA:2,(anonymous_25)
DA:1,1
DA:2,1
DA:15,1
DA:16,1
DA:19,1
DA:21,1
DA:24,1
DA:27,1
DA:28,1
DA:33,1
DA:34,1
DA:38,1
DA:39,1
DA:43,1
DA:44,1
DA:48,1
DA:49,1
DA:53,1
DA:54,1
DA:58,1
DA:59,1
DA:68,1
DA:69,1
DA:73,1
DA:74,2
LF:25
LH:25
BRF:0
BRH:0
end_of_record
TN:
SF:E:\fy\Misc\test\service\TestService.ts
FN:2,(anonymous_0)
FNF:1
FNH:1
FNDA:1,(anonymous_0)
DA:1,1
DA:3,1
LF:2
LH:2
BRF:0
BRH:0
end_of_record
